{
  "0 debug pnpm:scope": {
    "selected": 1
  },
  "1 debug pnpm:package-manifest": {
    "initial": {
      "name": "backpocket",
      "version": "0.0.1",
      "private": true,
      "scripts": {
        "dev": "vite dev",
        "build": "vite build",
        "preview": "vite preview",
        "check": "svelte-kit sync && svelte-check --tsconfig ./tsconfig.json",
        "check:watch": "svelte-kit sync && svelte-check --tsconfig ./tsconfig.json --watch",
        "lint": "prettier --plugin-search-dir . --check . && eslint .",
        "format": "prettier --plugin-search-dir . --write ."
      },
      "devDependencies": {
        "@sveltejs/adapter-auto": "^2.0.0",
        "@sveltejs/kit": "^1.5.0",
        "@typescript-eslint/eslint-plugin": "^5.45.0",
        "@typescript-eslint/parser": "^5.45.0",
        "eslint": "^8.28.0",
        "eslint-config-prettier": "^8.5.0",
        "eslint-plugin-svelte": "^2.26.0",
        "prettier": "^2.8.0",
        "prettier-plugin-svelte": "^2.8.1",
        "svelte": "^3.54.0",
        "svelte-check": "^3.0.1",
        "tslib": "^2.4.1",
        "typescript": "^5.0.0",
        "vite": "^4.3.0"
      },
      "type": "module"
    },
    "prefix": "D:\\Arquivos\\Organizacao\\Projetos\\backpocket"
  },
  "2 debug pnpm:context": {
    "currentLockfileExists": false,
    "storeDir": "D:\\.pnpm-store\\v3",
    "virtualStoreDir": "D:\\Arquivos\\Organizacao\\Projetos\\backpocket\\node_modules\\.pnpm"
  },
  "3 debug pnpm:stage": {
    "prefix": "D:\\Arquivos\\Organizacao\\Projetos\\backpocket",
    "stage": "resolution_started"
  },
  "4 debug pnpm:_dependency_resolved": {
    "resolution": "registry.npmjs.org/tslib/2.5.2",
    "wanted": {
      "dependentId": ".",
      "name": "tslib",
      "rawSpec": "^2.4.1"
    }
  },
  "5 debug pnpm:progress": {
    "packageId": "registry.npmjs.org/tslib/2.5.2",
    "requester": "D:\\Arquivos\\Organizacao\\Projetos\\backpocket",
    "status": "resolved"
  },
  "6 debug pnpm:_dependency_resolved": {
    "resolution": "registry.npmjs.org/eslint-config-prettier/8.8.0",
    "wanted": {
      "dependentId": ".",
      "name": "eslint-config-prettier",
      "rawSpec": "^8.5.0"
    }
  },
  "7 debug pnpm:progress": {
    "packageId": "registry.npmjs.org/eslint-config-prettier/8.8.0",
    "requester": "D:\\Arquivos\\Organizacao\\Projetos\\backpocket",
    "status": "resolved"
  },
  "8 debug pnpm:_dependency_resolved": {
    "resolution": "registry.npmjs.org/prettier/2.8.8",
    "wanted": {
      "dependentId": ".",
      "name": "prettier",
      "rawSpec": "^2.8.0"
    }
  },
  "9 debug pnpm:progress": {
    "packageId": "registry.npmjs.org/prettier/2.8.8",
    "requester": "D:\\Arquivos\\Organizacao\\Projetos\\backpocket",
    "status": "resolved"
  },
  "10 debug pnpm:progress": {
    "packageId": "registry.npmjs.org/tslib/2.5.2",
    "requester": "D:\\Arquivos\\Organizacao\\Projetos\\backpocket",
    "status": "found_in_store"
  },
  "11 debug pnpm:progress": {
    "packageId": "registry.npmjs.org/eslint-config-prettier/8.8.0",
    "requester": "D:\\Arquivos\\Organizacao\\Projetos\\backpocket",
    "status": "found_in_store"
  },
  "12 debug pnpm:progress": {
    "packageId": "registry.npmjs.org/prettier/2.8.8",
    "requester": "D:\\Arquivos\\Organizacao\\Projetos\\backpocket",
    "status": "found_in_store"
  },
  "13 debug pnpm:_dependency_resolved": {
    "resolution": "registry.npmjs.org/eslint/8.41.0",
    "wanted": {
      "dependentId": ".",
      "name": "eslint",
      "rawSpec": "^8.28.0"
    }
  },
  "14 debug pnpm:progress": {
    "packageId": "registry.npmjs.org/eslint/8.41.0",
    "requester": "D:\\Arquivos\\Organizacao\\Projetos\\backpocket",
    "status": "resolved"
  },
  "15 debug pnpm:progress": {
    "packageId": "registry.npmjs.org/eslint/8.41.0",
    "requester": "D:\\Arquivos\\Organizacao\\Projetos\\backpocket",
    "status": "found_in_store"
  },
  "16 warn pnpm:install-check": {
    "message": "Unsupported engine for registry.npmjs.org/vite/4.3.8: wanted: {\"node\":\"^14.18.0 || >=16.0.0\"} (current: {\"node\":\"v14.17.0\",\"pnpm\":\"7.0.1\"})",
    "prefix": "D:\\Arquivos\\Organizacao\\Projetos\\backpocket"
  },
  "17 error pnpm": {
    "code": "ERR_PNPM_UNSUPPORTED_ENGINE",
    "packageId": "registry.npmjs.org/vite/4.3.8",
    "wanted": {
      "node": "^14.18.0 || >=16.0.0"
    },
    "current": {
      "node": "v14.17.0",
      "pnpm": "7.0.1"
    },
    "pkgsStack": [],
    "err": {
      "name": "pnpm",
      "message": "Unsupported engine for registry.npmjs.org/vite/4.3.8: wanted: {\"node\":\"^14.18.0 || >=16.0.0\"} (current: {\"node\":\"v14.17.0\",\"pnpm\":\"7.0.1\"})",
      "code": "ERR_PNPM_UNSUPPORTED_ENGINE",
      "stack": "pnpm: Unsupported engine for registry.npmjs.org/vite/4.3.8: wanted: {\"node\":\"^14.18.0 || >=16.0.0\"} (current: {\"node\":\"v14.17.0\",\"pnpm\":\"7.0.1\"})\n    at checkEngine (C:\\snapshot\\dist\\pnpm.cjs)\n    at checkPackage (C:\\snapshot\\dist\\pnpm.cjs)\n    at packageIsInstallable (C:\\snapshot\\dist\\pnpm.cjs)\n    at resolveAndFetch (C:\\snapshot\\dist\\pnpm.cjs)\n    at runMicrotasks (<anonymous>)\n    at processTicksAndRejections (internal/process/task_queues.js:95:5)\n    at async resolveDependency (C:\\snapshot\\dist\\pnpm.cjs)\n    at async resolveDependenciesOfDependency (C:\\snapshot\\dist\\pnpm.cjs)\n    at async Promise.all (index 13)\n    at async resolveDependencies (C:\\snapshot\\dist\\pnpm.cjs)"
    }
  }
}